[INFO] [launch]: All log files can be found below /home/zjc/.ros/log/2026-01-14-13-32-08-675657-zjc-virtual-machine-11709
[INFO] [launch]: Default logging verbosity is set to INFO
[INFO] [mujoco_ros2_control-1]: process started with pid [11727]
[INFO] [robot_state_publisher-2]: process started with pid [11729]
[INFO] [move_group-3]: process started with pid [11731]
[INFO] [rviz2-4]: process started with pid [11733]
[INFO] [openarm_bimanual_viewer-5]: process started with pid [11735]
[rviz2-4] Warning: Ignoring XDG_SESSION_TYPE=wayland on Gnome. Use QT_QPA_PLATFORM=wayland to run on Wayland anyway.
[mujoco_ros2_control-1] [INFO] [1768368729.931058994] [mujoco_ros2_control_node]: Initializing mujoco_ros2_control node...
[robot_state_publisher-2] [INFO] [1768368729.962219716] [robot_state_publisher]: got segment banana
[robot_state_publisher-2] [INFO] [1768368729.962357101] [robot_state_publisher]: got segment d435_link
[robot_state_publisher-2] [INFO] [1768368729.962362587] [robot_state_publisher]: got segment d435_optical_frame
[robot_state_publisher-2] [INFO] [1768368729.962365606] [robot_state_publisher]: got segment openarm_body_link0
[robot_state_publisher-2] [INFO] [1768368729.962368076] [robot_state_publisher]: got segment openarm_left_hand
[robot_state_publisher-2] [INFO] [1768368729.962370439] [robot_state_publisher]: got segment openarm_left_hand_tcp
[robot_state_publisher-2] [INFO] [1768368729.962372946] [robot_state_publisher]: got segment openarm_left_left_finger
[robot_state_publisher-2] [INFO] [1768368729.962375293] [robot_state_publisher]: got segment openarm_left_link0
[robot_state_publisher-2] [INFO] [1768368729.962377744] [robot_state_publisher]: got segment openarm_left_link1
[robot_state_publisher-2] [INFO] [1768368729.962380045] [robot_state_publisher]: got segment openarm_left_link2
[robot_state_publisher-2] [INFO] [1768368729.962382320] [robot_state_publisher]: got segment openarm_left_link3
[robot_state_publisher-2] [INFO] [1768368729.962384577] [robot_state_publisher]: got segment openarm_left_link4
[robot_state_publisher-2] [INFO] [1768368729.962386885] [robot_state_publisher]: got segment openarm_left_link5
[robot_state_publisher-2] [INFO] [1768368729.962389095] [robot_state_publisher]: got segment openarm_left_link6
[robot_state_publisher-2] [INFO] [1768368729.962391272] [robot_state_publisher]: got segment openarm_left_link7
[robot_state_publisher-2] [INFO] [1768368729.962396684] [robot_state_publisher]: got segment openarm_left_right_finger
[robot_state_publisher-2] [INFO] [1768368729.962399050] [robot_state_publisher]: got segment openarm_right_hand
[robot_state_publisher-2] [INFO] [1768368729.962401212] [robot_state_publisher]: got segment openarm_right_hand_tcp
[robot_state_publisher-2] [INFO] [1768368729.962403552] [robot_state_publisher]: got segment openarm_right_left_finger
[robot_state_publisher-2] [INFO] [1768368729.962446708] [robot_state_publisher]: got segment openarm_right_link0
[robot_state_publisher-2] [INFO] [1768368729.962449542] [robot_state_publisher]: got segment openarm_right_link1
[robot_state_publisher-2] [INFO] [1768368729.962452007] [robot_state_publisher]: got segment openarm_right_link2
[robot_state_publisher-2] [INFO] [1768368729.962454321] [robot_state_publisher]: got segment openarm_right_link3
[robot_state_publisher-2] [INFO] [1768368729.962456689] [robot_state_publisher]: got segment openarm_right_link4
[robot_state_publisher-2] [INFO] [1768368729.962458963] [robot_state_publisher]: got segment openarm_right_link5
[robot_state_publisher-2] [INFO] [1768368729.962461232] [robot_state_publisher]: got segment openarm_right_link6
[robot_state_publisher-2] [INFO] [1768368729.962463537] [robot_state_publisher]: got segment openarm_right_link7
[robot_state_publisher-2] [INFO] [1768368729.962465841] [robot_state_publisher]: got segment openarm_right_right_finger
[robot_state_publisher-2] [INFO] [1768368729.962468330] [robot_state_publisher]: got segment table
[robot_state_publisher-2] [INFO] [1768368729.962470704] [robot_state_publisher]: got segment world
[move_group-3] [INFO] [1768368729.985438576] [moveit_rdf_loader.rdf_loader]: Loaded robot model in 0.0244778 seconds
[move_group-3] [INFO] [1768368729.985496196] [moveit_robot_model.robot_model]: Loading robot model 'openarm'...
[move_group-3] [INFO] [1768368729.985501191] [moveit_robot_model.robot_model]: No root/virtual joint specified in SRDF. Assuming fixed joint
[move_group-3] [WARN] [1768368730.070347017] [moveit_robot_model.robot_model]: Could not identify parent group for end-effector 'left_ee'
[move_group-3] [WARN] [1768368730.070401797] [moveit_robot_model.robot_model]: Could not identify parent group for end-effector 'right_ee'
[rviz2-4] [INFO] [1768368730.171404011] [rviz2]: Stereo is NOT SUPPORTED
[rviz2-4] [INFO] [1768368730.171494635] [rviz2]: OpenGl version: 3.3 (GLSL 3.3)
[rviz2-4] [INFO] [1768368730.188286766] [rviz2]: Stereo is NOT SUPPORTED
[rviz2-4] Warning: class_loader.impl: SEVERE WARNING!!! A namespace collision has occurred with plugin factory for class rviz_default_plugins::displays::InteractiveMarkerDisplay. New factory will OVERWRITE existing one. This situation occurs when libraries containing plugins are directly linked against an executable (the one running right now generating this message). Please separate plugins out into their own library or just don't link against the library and use either class_loader::ClassLoader/MultiLibraryClassLoader to open.
[rviz2-4]          at line 253 in /opt/ros/humble/include/class_loader/class_loader/class_loader_core.hpp
[mujoco_ros2_control-1] [INFO] [1768368730.279628277] [mujoco_ros2_control_node]: Mujoco model has been successfully loaded !
[mujoco_ros2_control-1] [INFO] [1768368730.307901993] [resource_manager]: Initialize hardware 'openarm_left_hardware_interface' 
[mujoco_ros2_control-1] [INFO] [1768368730.308114546] [resource_manager]: Successful initialization of hardware 'openarm_left_hardware_interface'
[mujoco_ros2_control-1] [INFO] [1768368730.308162576] [resource_manager]: 'configure' hardware 'openarm_left_hardware_interface' 
[mujoco_ros2_control-1] [INFO] [1768368730.308167807] [resource_manager]: Successful 'configure' of hardware 'openarm_left_hardware_interface'
[mujoco_ros2_control-1] [INFO] [1768368730.308189383] [resource_manager]: 'activate' hardware 'openarm_left_hardware_interface' 
[mujoco_ros2_control-1] [INFO] [1768368730.308192525] [resource_manager]: Successful 'activate' of hardware 'openarm_left_hardware_interface'
[move_group-3] [INFO] [1768368730.309729538] [moveit_ros.planning_scene_monitor.planning_scene_monitor]: Publishing maintained planning scene on 'monitored_planning_scene'
[move_group-3] [INFO] [1768368730.309876721] [moveit.ros_planning_interface.moveit_cpp]: Listening to 'joint_states' for joint states
[move_group-3] [INFO] [1768368730.310293088] [moveit_ros.current_state_monitor]: Listening to joint states on topic 'joint_states'
[move_group-3] [INFO] [1768368730.310513810] [moveit_ros.planning_scene_monitor.planning_scene_monitor]: Listening to '/attached_collision_object' for attached collision objects
[move_group-3] [INFO] [1768368730.310524826] [moveit_ros.planning_scene_monitor.planning_scene_monitor]: Starting planning scene monitor
[move_group-3] [INFO] [1768368730.310656147] [moveit_ros.planning_scene_monitor.planning_scene_monitor]: Listening to '/planning_scene'
[move_group-3] [INFO] [1768368730.310664448] [moveit_ros.planning_scene_monitor.planning_scene_monitor]: Starting world geometry update monitor for collision objects, attached objects, octomap updates.
[move_group-3] [INFO] [1768368730.310779296] [moveit_ros.planning_scene_monitor.planning_scene_monitor]: Listening to 'collision_object'
[move_group-3] [INFO] [1768368730.310922507] [moveit_ros.planning_scene_monitor.planning_scene_monitor]: Listening to 'planning_scene_world' for planning scene world geometry
[move_group-3] [WARN] [1768368730.311026394] [moveit.ros.occupancy_map_monitor.middleware_handle]: Resolution not specified for Octomap. Assuming resolution = 0.1 instead
[move_group-3] [ERROR] [1768368730.311074076] [moveit.ros.occupancy_map_monitor.middleware_handle]: Exception while loading octomap updater 'occupancy_map_monitor/DepthImageOctomapUpdater': According to the loaded plugin descriptions the class occupancy_map_monitor/DepthImageOctomapUpdater with base class type occupancy_map_monitor::OccupancyMapUpdater does not exist. Declared types are 
[move_group-3] 
[move_group-3] [ERROR] [1768368730.311082189] [moveit.ros.occupancy_map_monitor]: Failed to load sensor: `default_sensor` of type: `occupancy_map_monitor/DepthImageOctomapUpdater`
[move_group-3] [ERROR] [1768368730.311088028] [moveit.ros.occupancy_map_monitor.middleware_handle]: Exception while loading octomap updater 'occupancy_map_monitor/DepthImageOctomapUpdater': According to the loaded plugin descriptions the class occupancy_map_monitor/DepthImageOctomapUpdater with base class type occupancy_map_monitor::OccupancyMapUpdater does not exist. Declared types are 
[move_group-3] 
[move_group-3] [ERROR] [1768368730.311090653] [moveit.ros.occupancy_map_monitor]: Failed to load sensor: `kinect_depthimage` of type: `occupancy_map_monitor/DepthImageOctomapUpdater`
[mujoco_ros2_control-1] [INFO] [1768368730.328575201] [resource_manager]: Initialize hardware 'openarm_right_hardware_interface' 
[mujoco_ros2_control-1] [INFO] [1768368730.328673019] [resource_manager]: Successful initialization of hardware 'openarm_right_hardware_interface'
[mujoco_ros2_control-1] [INFO] [1768368730.328705848] [resource_manager]: 'configure' hardware 'openarm_right_hardware_interface' 
[mujoco_ros2_control-1] [INFO] [1768368730.328710887] [resource_manager]: Successful 'configure' of hardware 'openarm_right_hardware_interface'
[mujoco_ros2_control-1] [INFO] [1768368730.328719160] [resource_manager]: 'activate' hardware 'openarm_right_hardware_interface' 
[mujoco_ros2_control-1] [INFO] [1768368730.328722350] [resource_manager]: Successful 'activate' of hardware 'openarm_right_hardware_interface'
[mujoco_ros2_control-1] [INFO] [1768368730.329219273] [mujoco_ros2_control_node.mujoco_ros2_control]: Loading controller_manager
[mujoco_ros2_control-1] [INFO] [1768368730.338933719] [mujoco_ros2_control_node]: Mujoco ros2 controller has been successfully initialized !
[mujoco_ros2_control-1] [INFO] [1768368730.338979731] [mujoco_ros2_control_node]: Running MuJoCo in headless mode (no GUI rendering).
[openarm_bimanual_viewer-5] [INFO] [1768368730.476385450] [openarm_bimanual_viewer]: Loaded MuJoCo model from /home/zjc/openarm_ws/openarm_mujoco/v1/scene.xml
[openarm_bimanual_viewer-5] [INFO] [1768368730.476731893] [openarm_bimanual_viewer]: Available MuJoCo joints:
[openarm_bimanual_viewer-5] [INFO] [1768368730.476905645] [openarm_bimanual_viewer]:   openarm_left_joint1 -> qpos[0]
[openarm_bimanual_viewer-5] [INFO] [1768368730.477097484] [openarm_bimanual_viewer]:   openarm_left_joint2 -> qpos[1]
[openarm_bimanual_viewer-5] [INFO] [1768368730.477406240] [openarm_bimanual_viewer]:   openarm_left_joint3 -> qpos[2]
[openarm_bimanual_viewer-5] [INFO] [1768368730.477596620] [openarm_bimanual_viewer]:   openarm_left_joint4 -> qpos[3]
[openarm_bimanual_viewer-5] [INFO] [1768368730.477928665] [openarm_bimanual_viewer]:   openarm_left_joint5 -> qpos[4]
[openarm_bimanual_viewer-5] [INFO] [1768368730.478244345] [openarm_bimanual_viewer]:   openarm_left_joint6 -> qpos[5]
[openarm_bimanual_viewer-5] [INFO] [1768368730.478428907] [openarm_bimanual_viewer]:   openarm_left_joint7 -> qpos[6]
[openarm_bimanual_viewer-5] [INFO] [1768368730.478853717] [openarm_bimanual_viewer]:   openarm_left_finger_joint1 -> qpos[7]
[openarm_bimanual_viewer-5] [INFO] [1768368730.479069750] [openarm_bimanual_viewer]:   openarm_left_finger_joint2 -> qpos[8]
[openarm_bimanual_viewer-5] [INFO] [1768368730.479379613] [openarm_bimanual_viewer]:   openarm_right_joint1 -> qpos[9]
[openarm_bimanual_viewer-5] [INFO] [1768368730.479573388] [openarm_bimanual_viewer]:   openarm_right_joint2 -> qpos[10]
[openarm_bimanual_viewer-5] [INFO] [1768368730.479940260] [openarm_bimanual_viewer]:   openarm_right_joint3 -> qpos[11]
[openarm_bimanual_viewer-5] [INFO] [1768368730.480275071] [openarm_bimanual_viewer]:   openarm_right_joint4 -> qpos[12]
[openarm_bimanual_viewer-5] [INFO] [1768368730.480593886] [openarm_bimanual_viewer]:   openarm_right_joint5 -> qpos[13]
[openarm_bimanual_viewer-5] [INFO] [1768368730.480799774] [openarm_bimanual_viewer]:   openarm_right_joint6 -> qpos[14]
[openarm_bimanual_viewer-5] [INFO] [1768368730.480953568] [openarm_bimanual_viewer]:   openarm_right_joint7 -> qpos[15]
[openarm_bimanual_viewer-5] [INFO] [1768368730.481100435] [openarm_bimanual_viewer]:   openarm_right_finger_joint1 -> qpos[16]
[move_group-3] [INFO] [1768368730.481177774] [moveit.ros_planning_interface.moveit_cpp]: Loading planning pipeline 'chomp'
[openarm_bimanual_viewer-5] [INFO] [1768368730.481280363] [openarm_bimanual_viewer]:   openarm_right_finger_joint2 -> qpos[17]
[openarm_bimanual_viewer-5] [INFO] [1768368730.481447487] [openarm_bimanual_viewer]:   banana_joint -> qpos[18]
[move_group-3] [INFO] [1768368730.483108436] [moveit.ros_planning.planning_pipeline]: Using planning interface 'CHOMP'
[move_group-3] [INFO] [1768368730.484389849] [moveit_ros.add_time_optimal_parameterization]: Param 'chomp.path_tolerance' was not set. Using default value: 0.100000
[move_group-3] [INFO] [1768368730.484417012] [moveit_ros.add_time_optimal_parameterization]: Param 'chomp.resample_dt' was not set. Using default value: 0.100000
[move_group-3] [INFO] [1768368730.484420512] [moveit_ros.add_time_optimal_parameterization]: Param 'chomp.min_angle_change' was not set. Using default value: 0.001000
[move_group-3] [INFO] [1768368730.484433834] [moveit_ros.fix_workspace_bounds]: Param 'chomp.default_workspace_bounds' was not set. Using default value: 10.000000
[move_group-3] [INFO] [1768368730.484442849] [moveit_ros.fix_start_state_bounds]: Param 'chomp.start_state_max_bounds_error' was set to 0.100000
[move_group-3] [INFO] [1768368730.484446258] [moveit_ros.fix_start_state_bounds]: Param 'chomp.start_state_max_dt' was not set. Using default value: 0.500000
[move_group-3] [INFO] [1768368730.484471449] [moveit_ros.fix_start_state_collision]: Param 'chomp.start_state_max_dt' was not set. Using default value: 0.500000
[move_group-3] [INFO] [1768368730.484474386] [moveit_ros.fix_start_state_collision]: Param 'chomp.jiggle_fraction' was set to 0.050000
[move_group-3] [INFO] [1768368730.484477510] [moveit_ros.fix_start_state_collision]: Param 'chomp.max_sampling_attempts' was not set. Using default value: 100
[move_group-3] [INFO] [1768368730.484483804] [moveit.ros_planning.planning_pipeline]: Using planning request adapter 'Add Time Optimal Parameterization'
[move_group-3] [INFO] [1768368730.484485874] [moveit.ros_planning.planning_pipeline]: Using planning request adapter 'Resolve constraint frames to robot links'
[move_group-3] [INFO] [1768368730.484487486] [moveit.ros_planning.planning_pipeline]: Using planning request adapter 'Fix Workspace Bounds'
[move_group-3] [INFO] [1768368730.484489142] [moveit.ros_planning.planning_pipeline]: Using planning request adapter 'Fix Start State Bounds'
[move_group-3] [INFO] [1768368730.484490696] [moveit.ros_planning.planning_pipeline]: Using planning request adapter 'Fix Start State In Collision'
[move_group-3] [INFO] [1768368730.484492255] [moveit.ros_planning.planning_pipeline]: Using planning request adapter 'Fix Start State Path Constraints'
[move_group-3] [INFO] [1768368730.486479411] [moveit.ros_planning_interface.moveit_cpp]: Loading planning pipeline 'pilz_industrial_motion_planner'
[move_group-3] [INFO] [1768368730.487798720] [moveit.pilz_industrial_motion_planner.joint_limits_aggregator]: Reading limits from namespace robot_description_planning
[move_group-3] [INFO] [1768368730.499277225] [moveit.pilz_industrial_motion_planner]: Available plugins: pilz_industrial_motion_planner/PlanningContextLoaderCIRC pilz_industrial_motion_planner/PlanningContextLoaderLIN pilz_industrial_motion_planner/PlanningContextLoaderPTP 
[move_group-3] [INFO] [1768368730.499309347] [moveit.pilz_industrial_motion_planner]: About to load: pilz_industrial_motion_planner/PlanningContextLoaderCIRC
[move_group-3] [INFO] [1768368730.500083309] [moveit.pilz_industrial_motion_planner]: Registered Algorithm [CIRC]
[move_group-3] [INFO] [1768368730.500109713] [moveit.pilz_industrial_motion_planner]: About to load: pilz_industrial_motion_planner/PlanningContextLoaderLIN
[move_group-3] [INFO] [1768368730.500780537] [moveit.pilz_industrial_motion_planner]: Registered Algorithm [LIN]
[move_group-3] [INFO] [1768368730.500819134] [moveit.pilz_industrial_motion_planner]: About to load: pilz_industrial_motion_planner/PlanningContextLoaderPTP
[move_group-3] [INFO] [1768368730.501423374] [moveit.pilz_industrial_motion_planner]: Registered Algorithm [PTP]
[move_group-3] [INFO] [1768368730.501449826] [moveit.ros_planning.planning_pipeline]: Using planning interface 'Pilz Industrial Motion Planner'
[move_group-3] [INFO] [1768368730.502695128] [moveit.ros_planning_interface.moveit_cpp]: Loading planning pipeline 'ompl'
[move_group-3] [INFO] [1768368730.508974252] [moveit.ros_planning.planning_pipeline]: Using planning interface 'OMPL'
[move_group-3] [INFO] [1768368730.509631848] [moveit_ros.add_time_optimal_parameterization]: Param 'ompl.path_tolerance' was not set. Using default value: 0.100000
[move_group-3] [INFO] [1768368730.509652950] [moveit_ros.add_time_optimal_parameterization]: Param 'ompl.resample_dt' was not set. Using default value: 0.100000
[move_group-3] [INFO] [1768368730.509656226] [moveit_ros.add_time_optimal_parameterization]: Param 'ompl.min_angle_change' was not set. Using default value: 0.001000
[move_group-3] [INFO] [1768368730.509670050] [moveit_ros.fix_workspace_bounds]: Param 'ompl.default_workspace_bounds' was not set. Using default value: 10.000000
[move_group-3] [INFO] [1768368730.509680822] [moveit_ros.fix_start_state_bounds]: Param 'ompl.start_state_max_bounds_error' was set to 0.100000
[move_group-3] [INFO] [1768368730.509684375] [moveit_ros.fix_start_state_bounds]: Param 'ompl.start_state_max_dt' was not set. Using default value: 0.500000
[move_group-3] [INFO] [1768368730.509691040] [moveit_ros.fix_start_state_collision]: Param 'ompl.start_state_max_dt' was not set. Using default value: 0.500000
[move_group-3] [INFO] [1768368730.509693666] [moveit_ros.fix_start_state_collision]: Param 'ompl.jiggle_fraction' was set to 0.050000
[move_group-3] [INFO] [1768368730.509696116] [moveit_ros.fix_start_state_collision]: Param 'ompl.max_sampling_attempts' was not set. Using default value: 100
[move_group-3] [INFO] [1768368730.509718908] [moveit.ros_planning.planning_pipeline]: Using planning request adapter 'Add Time Optimal Parameterization'
[move_group-3] [INFO] [1768368730.509721338] [moveit.ros_planning.planning_pipeline]: Using planning request adapter 'Resolve constraint frames to robot links'
[move_group-3] [INFO] [1768368730.509722995] [moveit.ros_planning.planning_pipeline]: Using planning request adapter 'Fix Workspace Bounds'
[move_group-3] [INFO] [1768368730.509724743] [moveit.ros_planning.planning_pipeline]: Using planning request adapter 'Fix Start State Bounds'
[move_group-3] [INFO] [1768368730.509726401] [moveit.ros_planning.planning_pipeline]: Using planning request adapter 'Fix Start State In Collision'
[move_group-3] [INFO] [1768368730.509728034] [moveit.ros_planning.planning_pipeline]: Using planning request adapter 'Fix Start State Path Constraints'
[move_group-3] [INFO] [1768368730.549968046] [moveit.plugins.moveit_simple_controller_manager]: Added FollowJointTrajectory controller for left_joint_trajectory_controller
[move_group-3] [INFO] [1768368730.551309727] [moveit.plugins.moveit_simple_controller_manager]: Added FollowJointTrajectory controller for right_joint_trajectory_controller
[move_group-3] [INFO] [1768368730.551333958] [moveit.plugins.moveit_simple_controller_manager]: Max effort set to 0.0
[move_group-3] [INFO] [1768368730.552847841] [moveit.plugins.moveit_simple_controller_manager]: Added GripperCommand controller for left_gripper_controller
[move_group-3] [INFO] [1768368730.552874264] [moveit.plugins.moveit_simple_controller_manager]: Max effort set to 0.0
[move_group-3] [INFO] [1768368730.554273976] [moveit.plugins.moveit_simple_controller_manager]: Added GripperCommand controller for right_gripper_controller
[move_group-3] [INFO] [1768368730.554412969] [moveit.plugins.moveit_simple_controller_manager]: Returned 4 controllers in list
[move_group-3] [INFO] [1768368730.554432412] [moveit.plugins.moveit_simple_controller_manager]: Returned 4 controllers in list
[move_group-3] [INFO] [1768368730.554727457] [moveit_ros.trajectory_execution_manager]: Trajectory execution is managing controllers
[move_group-3] [INFO] [1768368730.554738974] [move_group.move_group]: MoveGroup debug mode is ON
[move_group-3] [INFO] [1768368730.568923859] [move_group.move_group]: 
[move_group-3] 
[move_group-3] ********************************************************
[move_group-3] * MoveGroup using: 
[move_group-3] *     - ApplyPlanningSceneService
[move_group-3] *     - ClearOctomapService
[move_group-3] *     - CartesianPathService
[move_group-3] *     - ExecuteTrajectoryAction
[move_group-3] *     - GetPlanningSceneService
[move_group-3] *     - KinematicsService
[move_group-3] *     - MoveAction
[move_group-3] *     - MotionPlanService
[move_group-3] *     - QueryPlannersService
[move_group-3] *     - StateValidationService
[move_group-3] ********************************************************
[move_group-3] 
[move_group-3] [INFO] [1768368730.568977374] [moveit_move_group_capabilities_base.move_group_context]: MoveGroup context using planning plugin ompl_interface/OMPLPlanner
[move_group-3] [INFO] [1768368730.568984218] [moveit_move_group_capabilities_base.move_group_context]: MoveGroup context initialization complete
[move_group-3] [96mLoading 'move_group/ApplyPlanningSceneService'...
[move_group-3] [0m[96mLoading 'move_group/ClearOctomapService'...
[move_group-3] [0m[96mLoading 'move_group/MoveGroupCartesianPathService'...
[move_group-3] [0m[96mLoading 'move_group/MoveGroupExecuteTrajectoryAction'...
[move_group-3] [0m[96mLoading 'move_group/MoveGroupGetPlanningSceneService'...
[move_group-3] [0m[96mLoading 'move_group/MoveGroupKinematicsService'...
[move_group-3] [0m[96mLoading 'move_group/MoveGroupMoveAction'...
[move_group-3] [0m[96mLoading 'move_group/MoveGroupPlanService'...
[move_group-3] [0m[96mLoading 'move_group/MoveGroupQueryPlannersService'...
[move_group-3] [0m[96mLoading 'move_group/MoveGroupStateValidationService'...
[move_group-3] [0m[92m
[move_group-3] You can start planning now!
[move_group-3] 
[INFO] [spawner-6]: process started with pid [11820]
[spawner-6] [INFO] [1768368732.066679225] [spawner_joint_state_broadcaster]: waiting for service /controller_manager/list_controllers to become available...
[INFO] [spawner-7]: process started with pid [11831]
[mujoco_ros2_control-1] [INFO] [1768368733.071316413] [controller_manager]: Loading controller 'joint_state_broadcaster'
[spawner-6] [INFO] [1768368733.182310307] [spawner_joint_state_broadcaster]: [94mLoaded [1mjoint_state_broadcaster[0m
[mujoco_ros2_control-1] [INFO] [1768368733.184099987] [controller_manager]: Configuring controller 'joint_state_broadcaster'
[mujoco_ros2_control-1] [INFO] [1768368733.184237592] [joint_state_broadcaster]: 'joints' or 'interfaces' parameter is empty. All available state interfaces will be published
[rviz2-4] [ERROR] [1768368733.267887031] [moveit_ros_visualization.motion_planning_frame]: Action server: /recognize_objects not available
[rviz2-4] [INFO] [1768368733.295188485] [moveit_ros_visualization.motion_planning_frame]: MoveGroup namespace changed: / -> . Reloading params.
[rviz2-4] [INFO] [1768368733.402360710] [moveit_rdf_loader.rdf_loader]: Loaded robot model in 0.0545658 seconds
[rviz2-4] [INFO] [1768368733.402419837] [moveit_robot_model.robot_model]: Loading robot model 'openarm'...
[rviz2-4] [INFO] [1768368733.402430315] [moveit_robot_model.robot_model]: No root/virtual joint specified in SRDF. Assuming fixed joint
[INFO] [spawner-8]: process started with pid [11847]
[rviz2-4] [WARN] [1768368733.485374030] [moveit_robot_model.robot_model]: Could not identify parent group for end-effector 'left_ee'
[rviz2-4] [WARN] [1768368733.485415414] [moveit_robot_model.robot_model]: Could not identify parent group for end-effector 'right_ee'
[spawner-8] [INFO] [1768368733.565408709] [spawner_left_gripper_controller]: waiting for service /controller_manager/list_controllers to become available...
[spawner-6] [INFO] [1768368733.682148789] [spawner_joint_state_broadcaster]: [92mConfigured and activated [1mjoint_state_broadcaster[0m
[mujoco_ros2_control-1] [INFO] [1768368733.683615167] [controller_manager]: Loading controller 'left_joint_trajectory_controller'
[mujoco_ros2_control-1] [WARN] [1768368733.696006215] [left_joint_trajectory_controller]: [Deprecated]: "allow_nonzero_velocity_at_trajectory_end" is set to true. The default behavior will change to false.
[rviz2-4] [INFO] [1768368733.752922314] [moveit_ros.planning_scene_monitor.planning_scene_monitor]: Starting planning scene monitor
[rviz2-4] [INFO] [1768368733.753600023] [moveit_ros.planning_scene_monitor.planning_scene_monitor]: Listening to '/monitored_planning_scene'
[INFO] [spawner-6]: process has finished cleanly [pid 11820]
[spawner-7] [INFO] [1768368733.856779856] [spawner_left_joint_trajectory_controller]: [94mLoaded [1mleft_joint_trajectory_controller[0m
[mujoco_ros2_control-1] [INFO] [1768368733.858200882] [controller_manager]: Configuring controller 'left_joint_trajectory_controller'
[mujoco_ros2_control-1] [INFO] [1768368733.858334508] [left_joint_trajectory_controller]: No specific joint names are used for command interfaces. Using 'joints' parameter.
[mujoco_ros2_control-1] [INFO] [1768368733.858346281] [left_joint_trajectory_controller]: Command interfaces are [position] and state interfaces are [position].
[mujoco_ros2_control-1] [INFO] [1768368733.858363152] [left_joint_trajectory_controller]: Using 'splines' interpolation method.
[mujoco_ros2_control-1] [INFO] [1768368733.858957855] [left_joint_trajectory_controller]: Controller state will be published at 50.00 Hz.
[mujoco_ros2_control-1] [INFO] [1768368733.862123012] [left_joint_trajectory_controller]: Action status changes will be monitored at 50.00 Hz.
[rviz2-4] [ERROR] [1768368733.931038776] [rviz2]: Error retrieving file [file:///home/ros/openarm_ws/openarm_mujoco/v1/meshes/visual/cam/d435_0.stl]: Couldn't open file /home/ros/openarm_ws/openarm_mujoco/v1/meshes/visual/cam/d435_0.stl
[rviz2-4] [ERROR] [1768368733.931122756] [rviz2]: Error retrieving file [file:///home/ros/openarm_ws/openarm_mujoco/v1/meshes/visual/cam/d435_0.stl]: Couldn't open file /home/ros/openarm_ws/openarm_mujoco/v1/meshes/visual/cam/d435_0.stl
[mujoco_ros2_control-1] [INFO] [1768368734.013528879] [controller_manager]: Loading controller 'left_gripper_controller'
[spawner-8] [INFO] [1768368734.181252423] [spawner_left_gripper_controller]: [94mLoaded [1mleft_gripper_controller[0m
[rviz2-4] [ERROR] [1768368734.237787002] [rviz2]: The link openarm_left_left_finger is has unrealistic inertia, so the equivalent inertia box will not be shown.
[rviz2-4] 
[mujoco_ros2_control-1] [INFO] [1768368734.518485676] [controller_manager]: Configuring controller 'left_gripper_controller'
[mujoco_ros2_control-1] [INFO] [1768368734.518556108] [left_gripper_controller]: Action status changes will be monitored at 20.000000 Hz.
[spawner-7] [INFO] [1768368734.518904901] [spawner_left_joint_trajectory_controller]: [92mConfigured and activated [1mleft_joint_trajectory_controller[0m
[mujoco_ros2_control-1] [INFO] [1768368734.687426710] [controller_manager]: Loading controller 'right_joint_trajectory_controller'
[mujoco_ros2_control-1] [WARN] [1768368734.701229424] [right_joint_trajectory_controller]: [Deprecated]: "allow_nonzero_velocity_at_trajectory_end" is set to true. The default behavior will change to false.
[spawner-7] [INFO] [1768368734.851885635] [spawner_left_joint_trajectory_controller]: [94mLoaded [1mright_joint_trajectory_controller[0m
[INFO] [ros2-9]: process started with pid [11886]
[INFO] [ros2-10]: process started with pid [11888]
[INFO] [virtual_camera-11]: process started with pid [11890]
[rviz2-4] [ERROR] [1768368735.189209058] [rviz2]: The link openarm_left_right_finger is has unrealistic inertia, so the equivalent inertia box will not be shown.
[rviz2-4] 
[rviz2-4] [ERROR] [1768368735.189401715] [rviz2]: The link openarm_right_left_finger is has unrealistic inertia, so the equivalent inertia box will not be shown.
[rviz2-4] 
[rviz2-4] [ERROR] [1768368735.191038852] [rviz2]: The link openarm_right_right_finger is has unrealistic inertia, so the equivalent inertia box will not be shown.
[rviz2-4] 
[mujoco_ros2_control-1] [INFO] [1768368735.193750980] [controller_manager]: Configuring controller 'right_joint_trajectory_controller'
[mujoco_ros2_control-1] [INFO] [1768368735.194284349] [right_joint_trajectory_controller]: No specific joint names are used for command interfaces. Using 'joints' parameter.
[mujoco_ros2_control-1] [INFO] [1768368735.194394362] [right_joint_trajectory_controller]: Command interfaces are [position] and state interfaces are [position].
[mujoco_ros2_control-1] [INFO] [1768368735.194434632] [right_joint_trajectory_controller]: Using 'splines' interpolation method.
[mujoco_ros2_control-1] [INFO] [1768368735.196515916] [right_joint_trajectory_controller]: Controller state will be published at 50.00 Hz.
[rviz2-4] [ERROR] [1768368735.195392971] [rviz2]: Error retrieving file [file:///home/ros/openarm_ws/openarm_mujoco/v1/meshes/visual/cam/d435_0.stl]: Couldn't open file /home/ros/openarm_ws/openarm_mujoco/v1/meshes/visual/cam/d435_0.stl
[rviz2-4] [ERROR] [1768368735.195468340] [rviz2]: Error retrieving file [file:///home/ros/openarm_ws/openarm_mujoco/v1/meshes/visual/cam/d435_0.stl]: Couldn't open file /home/ros/openarm_ws/openarm_mujoco/v1/meshes/visual/cam/d435_0.stl
[rviz2-4] [ERROR] [1768368735.195967543] [rviz2]: The link openarm_left_left_finger is has unrealistic inertia, so the equivalent inertia box will not be shown.
[rviz2-4] 
[rviz2-4] [ERROR] [1768368735.197382775] [rviz2]: The link openarm_left_right_finger is has unrealistic inertia, so the equivalent inertia box will not be shown.
[rviz2-4] 
[rviz2-4] [ERROR] [1768368735.197488743] [rviz2]: The link openarm_right_left_finger is has unrealistic inertia, so the equivalent inertia box will not be shown.
[rviz2-4] 
[spawner-8] [INFO] [1768368735.196149123] [spawner_left_gripper_controller]: [92mConfigured and activated [1mleft_gripper_controller[0m
[rviz2-4] [ERROR] [1768368735.198176308] [rviz2]: The link openarm_right_right_finger is has unrealistic inertia, so the equivalent inertia box will not be shown.
[rviz2-4] 
[mujoco_ros2_control-1] [INFO] [1768368735.198773813] [right_joint_trajectory_controller]: Action status changes will be monitored at 50.00 Hz.
[rviz2-4] [INFO] [1768368735.208262768] [interactive_marker_display_101057223446336]: Connected on namespace: /rviz_moveit_motion_planning_display/robot_interaction_interactive_marker_topic
[rviz2-4] [ERROR] [1768368735.208648671] [rviz2]: Error retrieving file [file:///home/ros/openarm_ws/openarm_mujoco/v1/meshes/visual/cam/d435_0.stl]: Couldn't open file /home/ros/openarm_ws/openarm_mujoco/v1/meshes/visual/cam/d435_0.stl
[rviz2-4] [ERROR] [1768368735.208686436] [rviz2]: Error retrieving file [file:///home/ros/openarm_ws/openarm_mujoco/v1/meshes/visual/cam/d435_0.stl]: Couldn't open file /home/ros/openarm_ws/openarm_mujoco/v1/meshes/visual/cam/d435_0.stl
[rviz2-4] [ERROR] [1768368735.209031640] [rviz2]: The link openarm_left_left_finger is has unrealistic inertia, so the equivalent inertia box will not be shown.
[rviz2-4] 
[rviz2-4] [ERROR] [1768368735.209636537] [rviz2]: The link openarm_left_right_finger is has unrealistic inertia, so the equivalent inertia box will not be shown.
[rviz2-4] 
[rviz2-4] [ERROR] [1768368735.209754247] [rviz2]: The link openarm_right_left_finger is has unrealistic inertia, so the equivalent inertia box will not be shown.
[rviz2-4] 
[rviz2-4] [ERROR] [1768368735.210265000] [rviz2]: The link openarm_right_right_finger is has unrealistic inertia, so the equivalent inertia box will not be shown.
[rviz2-4] 
[rviz2-4] [ERROR] [1768368735.211189060] [rviz2]: Error retrieving file [file:///home/ros/openarm_ws/openarm_mujoco/v1/meshes/visual/cam/d435_0.stl]: Couldn't open file /home/ros/openarm_ws/openarm_mujoco/v1/meshes/visual/cam/d435_0.stl
[rviz2-4] [ERROR] [1768368735.211254305] [rviz2]: Error retrieving file [file:///home/ros/openarm_ws/openarm_mujoco/v1/meshes/visual/cam/d435_0.stl]: Couldn't open file /home/ros/openarm_ws/openarm_mujoco/v1/meshes/visual/cam/d435_0.stl
[rviz2-4] [ERROR] [1768368735.211474264] [rviz2]: The link openarm_left_left_finger is has unrealistic inertia, so the equivalent inertia box will not be shown.
[rviz2-4] 
[rviz2-4] [ERROR] [1768368735.212035852] [rviz2]: The link openarm_left_right_finger is has unrealistic inertia, so the equivalent inertia box will not be shown.
[rviz2-4] 
[rviz2-4] [ERROR] [1768368735.212140795] [rviz2]: The link openarm_right_left_finger is has unrealistic inertia, so the equivalent inertia box will not be shown.
[rviz2-4] 
[rviz2-4] [ERROR] [1768368735.212659128] [rviz2]: The link openarm_right_right_finger is has unrealistic inertia, so the equivalent inertia box will not be shown.
[rviz2-4] 
[virtual_camera-11] [INFO] [1768368735.283371606] [virtual_camera]: Virtual Camera Started
[rviz2-4] [INFO] [1768368735.303962517] [moveit_ros_visualization.motion_planning_frame]: group left_arm
[rviz2-4] [INFO] [1768368735.303999419] [moveit_ros_visualization.motion_planning_frame]: Constructing new MoveGroup connection for group 'left_arm' in namespace ''
[rviz2-4] [INFO] [1768368735.312215591] [move_group_interface]: Ready to take commands for planning group left_arm.
[WARNING] [launch]: user interrupted with ctrl-c (SIGINT)
[rviz2-4] [INFO] [1768368735.359874764] [rclcpp]: signal_handler(signum=2)
[robot_state_publisher-2] [INFO] [1768368735.359903625] [rclcpp]: signal_handler(signum=2)
[move_group-3] [INFO] [1768368735.359901000] [rclcpp]: signal_handler(signum=2)
[mujoco_ros2_control-1] [INFO] [1768368735.359982832] [rclcpp]: signal_handler(signum=2)
[mujoco_ros2_control-1] [INFO] [1768368735.360091740] [controller_manager]: Shutdown request received....
[mujoco_ros2_control-1] [INFO] [1768368735.360188556] [controller_manager]: Shutting down all controllers in the controller manager.
[virtual_camera-11] Traceback (most recent call last):
[virtual_camera-11]   File "/home/zjc/openarm_ws/install/openarm_vision/lib/openarm_vision/virtual_camera", line 33, in <module>
[virtual_camera-11]     sys.exit(load_entry_point('openarm-vision', 'console_scripts', 'virtual_camera')())
[virtual_camera-11]   File "/home/zjc/openarm_ws/build/openarm_vision/openarm_vision/virtual_camera.py", line 103, in main
[virtual_camera-11]     rclpy.spin(node)
[virtual_camera-11]   File "/opt/ros/humble/local/lib/python3.10/dist-packages/rclpy/__init__.py", line 229, in spin
[virtual_camera-11]     executor.spin_once()
[virtual_camera-11]   File "/opt/ros/humble/local/lib/python3.10/dist-packages/rclpy/executors.py", line 773, in spin_once
[virtual_camera-11]     self._spin_once_impl(timeout_sec)
[virtual_camera-11]   File "/opt/ros/humble/local/lib/python3.10/dist-packages/rclpy/executors.py", line 762, in _spin_once_impl
[virtual_camera-11]     handler, entity, node = self.wait_for_ready_callbacks(timeout_sec=timeout_sec)
[virtual_camera-11]   File "/opt/ros/humble/local/lib/python3.10/dist-packages/rclpy/executors.py", line 745, in wait_for_ready_callbacks
[virtual_camera-11]     return next(self._cb_iter)
[virtual_camera-11]   File "/opt/ros/humble/local/lib/python3.10/dist-packages/rclpy/executors.py", line 642, in _wait_for_ready_callbacks
[virtual_camera-11]     wait_set.wait(timeout_nsec)
[virtual_camera-11] KeyboardInterrupt
[mujoco_ros2_control-1] [INFO] [1768368735.368482094] [controller_manager]: Deactivating controller 'joint_state_broadcaster'
[mujoco_ros2_control-1] [INFO] [1768368735.368588240] [controller_manager]: Shutting down controller 'joint_state_broadcaster'
[mujoco_ros2_control-1] [INFO] [1768368735.368611864] [controller_manager]: Deactivating controller 'left_joint_trajectory_controller'
[mujoco_ros2_control-1] [INFO] [1768368735.368640659] [controller_manager]: Shutting down controller 'left_joint_trajectory_controller'
[mujoco_ros2_control-1] [INFO] [1768368735.368648596] [controller_manager]: Deactivating controller 'left_gripper_controller'
[mujoco_ros2_control-1] [INFO] [1768368735.368661313] [controller_manager]: Shutting down controller 'left_gripper_controller'
[mujoco_ros2_control-1] [INFO] [1768368735.368669196] [controller_manager]: Shutting down controller 'right_joint_trajectory_controller'
[mujoco_ros2_control-1] [INFO] [1768368735.369108006] [resource_manager]: 'deactivate' hardware 'openarm_right_hardware_interface' 
[mujoco_ros2_control-1] [INFO] [1768368735.369128841] [resource_manager]: Successful 'deactivate' of hardware 'openarm_right_hardware_interface'
[mujoco_ros2_control-1] [INFO] [1768368735.369131621] [resource_manager]: 'shutdown' hardware 'openarm_right_hardware_interface' 
[mujoco_ros2_control-1] [INFO] [1768368735.369134888] [resource_manager]: Successful 'shutdown' of hardware 'openarm_right_hardware_interface'
[mujoco_ros2_control-1] [INFO] [1768368735.369138958] [resource_manager]: 'deactivate' hardware 'openarm_left_hardware_interface' 
[mujoco_ros2_control-1] [INFO] [1768368735.369141901] [resource_manager]: Successful 'deactivate' of hardware 'openarm_left_hardware_interface'
[mujoco_ros2_control-1] [INFO] [1768368735.369143674] [resource_manager]: 'shutdown' hardware 'openarm_left_hardware_interface' 
[mujoco_ros2_control-1] [INFO] [1768368735.369146273] [resource_manager]: Successful 'shutdown' of hardware 'openarm_left_hardware_interface'
[mujoco_ros2_control-1] [INFO] [1768368735.369148400] [controller_manager]: Shutting down the controller manager.
[mujoco_ros2_control-1] terminate called after throwing an instance of 'std::runtime_error'
[mujoco_ros2_control-1]   what():  Node needs to be associated with an executor.
[move_group-3] [INFO] [1768368735.397334082] [moveit.ros_planning_interface.moveit_cpp]: Deleting MoveItCpp
[ERROR] [virtual_camera-11]: process has died [pid 11890, exit code -2, cmd '/home/zjc/openarm_ws/install/openarm_vision/lib/openarm_vision/virtual_camera --ros-args -r __node:=virtual_camera --params-file /tmp/launch_params_k58b9ld7'].
[ERROR] [mujoco_ros2_control-1]: process has died [pid 11727, exit code -6, cmd '/home/zjc/openarm_ws/install/mujoco_ros2_control/lib/mujoco_ros2_control/mujoco_ros2_control --ros-args --params-file /tmp/launch_params_gknfn6k6 --params-file /home/zjc/openarm_ws/install/openarm_bringup/share/openarm_bringup/config/v10_controllers/openarm_v10_bimanual_controllers.yaml --params-file /tmp/launch_params_pmphxsz_ --params-file /tmp/launch_params_81ms2f94 --params-file /tmp/launch_params_hx8z7y_x'].
[INFO] [robot_state_publisher-2]: process has finished cleanly [pid 11729]
[INFO] [spawner-8]: process has finished cleanly [pid 11847]
[ERROR] [ros2-9]: process has died [pid 11886, exit code 2, cmd 'ros2 param set /move_group use_sim_time true'].
[INFO] [spawner-7]: process has finished cleanly [pid 11831]
[ERROR] [ros2-10]: process has died [pid 11888, exit code 2, cmd 'ros2 param set /move_group use_sim_time true'].
[rviz2-4] [ERROR] [1768368735.594711837] [moveit_background_processing.background_processing]: Exception caught while processing action 'Frame::changePlanningGroup': std::future_error: Broken promise
[rviz2-4] [INFO] [1768368735.599447194] [moveit_ros.planning_scene_monitor.planning_scene_monitor]: Stopping planning scene monitor
[openarm_bimanual_viewer-5] Traceback (most recent call last):
[openarm_bimanual_viewer-5]   File "/home/zjc/openarm_ws/install/openarm_mujoco_viewer/lib/openarm_mujoco_viewer/openarm_bimanual_viewer", line 33, in <module>
[openarm_bimanual_viewer-5]     sys.exit(load_entry_point('openarm-mujoco-viewer', 'console_scripts', 'openarm_bimanual_viewer')())
[openarm_bimanual_viewer-5]   File "/home/zjc/openarm_ws/build/openarm_mujoco_viewer/openarm_mujoco_viewer/openarm_bimanual_viewer.py", line 213, in main
[openarm_bimanual_viewer-5]     rclpy.spin(node)
[openarm_bimanual_viewer-5]   File "/opt/ros/humble/local/lib/python3.10/dist-packages/rclpy/__init__.py", line 229, in spin
[openarm_bimanual_viewer-5]     executor.spin_once()
[openarm_bimanual_viewer-5]   File "/opt/ros/humble/local/lib/python3.10/dist-packages/rclpy/executors.py", line 773, in spin_once
[openarm_bimanual_viewer-5]     self._spin_once_impl(timeout_sec)
[openarm_bimanual_viewer-5]   File "/opt/ros/humble/local/lib/python3.10/dist-packages/rclpy/executors.py", line 768, in _spin_once_impl
[openarm_bimanual_viewer-5]     handler()
[openarm_bimanual_viewer-5]   File "/opt/ros/humble/local/lib/python3.10/dist-packages/rclpy/task.py", line 254, in __call__
[openarm_bimanual_viewer-5]     self._handler.send(None)
[openarm_bimanual_viewer-5]   File "/opt/ros/humble/local/lib/python3.10/dist-packages/rclpy/executors.py", line 463, in handler
[openarm_bimanual_viewer-5]     await call_coroutine(entity, arg)
[openarm_bimanual_viewer-5]   File "/opt/ros/humble/local/lib/python3.10/dist-packages/rclpy/executors.py", line 371, in _execute_timer
[openarm_bimanual_viewer-5]     await await_or_execute(tmr.callback)
[openarm_bimanual_viewer-5]   File "/opt/ros/humble/local/lib/python3.10/dist-packages/rclpy/executors.py", line 107, in await_or_execute
[openarm_bimanual_viewer-5]     return callback(*args)
[openarm_bimanual_viewer-5]   File "/home/zjc/openarm_ws/build/openarm_mujoco_viewer/openarm_mujoco_viewer/openarm_bimanual_viewer.py", line 205, in timer_cb
[openarm_bimanual_viewer-5]     glfw.swap_buffers(self.window)
[openarm_bimanual_viewer-5]   File "/home/zjc/.local/lib/python3.10/site-packages/glfw/__init__.py", line 2380, in swap_buffers
[openarm_bimanual_viewer-5]     _glfw.glfwSwapBuffers(window)
[openarm_bimanual_viewer-5]   File "/home/zjc/.local/lib/python3.10/site-packages/glfw/__init__.py", line 687, in errcheck
[openarm_bimanual_viewer-5]     def errcheck(result, *args):
[openarm_bimanual_viewer-5] KeyboardInterrupt
[move_group-3] [INFO] [1768368735.615232973] [moveit_ros.planning_scene_monitor.planning_scene_monitor]: Stopped publishing maintained planning scene.
[move_group-3] [INFO] [1768368735.616073568] [moveit_ros.planning_scene_monitor.planning_scene_monitor]: Stopping world geometry monitor
[move_group-3] [INFO] [1768368735.616346230] [moveit_ros.planning_scene_monitor.planning_scene_monitor]: Stopping planning scene monitor
[move_group-3] Warning: class_loader.ClassLoader: SEVERE WARNING!!! Attempting to unload library while objects created by this loader exist in the heap! You should delete your objects before attempting to unload the library or destroying the ClassLoader. The library will NOT be unloaded.
[move_group-3]          at line 127 in ./src/class_loader.cpp
[move_group-3] Stack trace (most recent call last):
[move_group-3] #16   Object "", at 0xffffffffffffffff, in 
[move_group-3] #15   Object "/opt/ros/humble/lib/moveit_ros_move_group/move_group", at 0x5dd60a5c1724, in 
[ERROR] [openarm_bimanual_viewer-5]: process has died [pid 11735, exit code -2, cmd '/home/zjc/openarm_ws/install/openarm_mujoco_viewer/lib/openarm_mujoco_viewer/openarm_bimanual_viewer --ros-args --params-file /tmp/launch_params_ux2gdtbr'].
[move_group-3] #14   Source "../csu/libc-start.c", line 392, in __libc_start_main_impl [0x758ec0c29e3f]
[move_group-3] #13   Source "../sysdeps/nptl/libc_start_call_main.h", line 58, in __libc_start_call_main [0x758ec0c29d8f]
[move_group-3] #12   Object "/opt/ros/humble/lib/moveit_ros_move_group/move_group", at 0x5dd60a5c065b, in 
[move_group-3] #11   Object "/opt/ros/humble/lib/moveit_ros_move_group/move_group", at 0x5dd60a5c2709, in 
[move_group-3] #10   Object "/opt/ros/humble/lib/libmoveit_cpp.so.2.5.9", at 0x758ec1883876, in moveit_cpp::MoveItCpp::~MoveItCpp()
[move_group-3] #9    Object "/opt/ros/humble/lib/libmoveit_cpp.so.2.5.9", at 0x758ec1881ba9, in 
[move_group-3] #8    Object "/opt/ros/humble/lib/libmoveit_trajectory_execution_manager.so.2.5.9", at 0x758ec0b8d495, in trajectory_execution_manager::TrajectoryExecutionManager::~TrajectoryExecutionManager()
[move_group-3] #7    Object "/opt/ros/humble/lib/libmoveit_trajectory_execution_manager.so.2.5.9", at 0x758ec0ba03a9, in 
[move_group-3] #6    Object "/opt/ros/humble/lib/librclcpp.so", at 0x758ec14e1eec, in rclcpp::Node::~Node()
[move_group-3] #5    Object "/opt/ros/humble/lib/librclcpp.so", at 0x758ec14e1e8e, in rclcpp::Node::~Node()
[move_group-3] #4    Object "/opt/ros/humble/lib/librclcpp.so", at 0x758ec14bcee9, in 
[move_group-3] #3    Object "/opt/ros/humble/lib/librclcpp.so", at 0x758ec14eb539, in 
[move_group-3] #2    Object "/opt/ros/humble/lib/librclcpp.so", at 0x758ec14eb480, in rclcpp::node_interfaces::NodeBase::~NodeBase()
[move_group-3] #1    Object "/opt/ros/humble/lib/librclcpp.so", at 0x758ec14bcee9, in 
[move_group-3] #0    Object "/opt/ros/humble/lib/librclcpp.so", at 0x758ec14c1da1, in rclcpp::CallbackGroup::~CallbackGroup()
[move_group-3] Segmentation fault (Address not mapped to object [0x758eaa29d798])
[ERROR] [rviz2-4]: process has died [pid 11733, exit code -11, cmd '/opt/ros/humble/lib/rviz2/rviz2 -d /home/zjc/openarm_ws/install/openarm_bimanual_moveit_config/share/openarm_bimanual_moveit_config/config/moveit.rviz --ros-args --params-file /tmp/launch_params_mzcs466n --params-file /tmp/launch_params_mqgy73l_ --params-file /tmp/launch_params_y2fpcweo'].
[ERROR] [move_group-3]: process has died [pid 11731, exit code -11, cmd '/opt/ros/humble/lib/moveit_ros_move_group/move_group --ros-args --params-file /tmp/launch_params_1_sth80c --params-file /tmp/launch_params_ugok4va3'].
[move_group-3] [0m
